::1 - - [14/Feb/2021:22:44:44 +0000] "POST /api/v1/users/register HTTP/1.1" 201 15 "-" "PostmanRuntime/7.26.8"
::1 - - [14/Feb/2021:23:00:16 +0000] "POST /api/v1/users/register HTTP/1.1" 201 15 "-" "PostmanRuntime/7.26.8"
::1 - - [14/Feb/2021:23:04:08 +0000] "POST /api/v1/users/register HTTP/1.1" 201 15 "-" "PostmanRuntime/7.26.8"
::1 - - [14/Feb/2021:23:05:17 +0000] "POST /api/v1/users/register HTTP/1.1" 201 15 "-" "PostmanRuntime/7.26.8"
::1 - - [14/Feb/2021:23:09:06 +0000] "POST /api/v1/users/register HTTP/1.1" - - "-" "PostmanRuntime/7.26.8"
::1 - - [14/Feb/2021:23:09:13 +0000] "POST /api/v1/users/register HTTP/1.1" 201 15 "-" "PostmanRuntime/7.26.8"
::1 - - [14/Feb/2021:23:11:08 +0000] "POST /api/v1/users/register HTTP/1.1" 201 15 "-" "PostmanRuntime/7.26.8"
::1 - - [14/Feb/2021:23:12:00 +0000] "POST /api/v1/users/register HTTP/1.1" 201 15 "-" "PostmanRuntime/7.26.8"
::1 - - [14/Feb/2021:23:12:15 +0000] "POST /api/v1/users/register HTTP/1.1" 201 15 "-" "PostmanRuntime/7.26.8"
::1 - - [14/Feb/2021:23:14:29 +0000] "POST /api/v1/users/register HTTP/1.1" 201 15 "-" "PostmanRuntime/7.26.8"
::1 - - [14/Feb/2021:23:17:43 +0000] "POST /api/v1/users/register HTTP/1.1" 400 61 "-" "PostmanRuntime/7.26.8"
::1 - - [14/Feb/2021:23:20:42 +0000] "POST /api/v1/users/register HTTP/1.1" 400 61 "-" "PostmanRuntime/7.26.8"
::1 - - [14/Feb/2021:23:20:46 +0000] "POST /api/v1/users/register HTTP/1.1" 400 61 "-" "PostmanRuntime/7.26.8"
::1 - - [14/Feb/2021:23:21:48 +0000] "POST /api/v1/users/register HTTP/1.1" 400 61 "-" "PostmanRuntime/7.26.8"
::1 - - [14/Feb/2021:23:22:19 +0000] "POST /api/v1/users/register HTTP/1.1" 400 61 "-" "PostmanRuntime/7.26.8"
::1 - - [14/Feb/2021:23:23:56 +0000] "POST /api/v1/users/register HTTP/1.1" 400 61 "-" "PostmanRuntime/7.26.8"
::1 - - [14/Feb/2021:23:24:16 +0000] "POST /api/v1/users/register HTTP/1.1" 201 15 "-" "PostmanRuntime/7.26.8"
::1 - - [14/Feb/2021:23:24:36 +0000] "POST /api/v1/users/register HTTP/1.1" 400 61 "-" "PostmanRuntime/7.26.8"
::1 - - [14/Feb/2021:23:28:51 +0000] "POST /api/v1/users/login HTTP/1.1" 404 158 "-" "PostmanRuntime/7.26.8"
::1 - - [14/Feb/2021:23:31:12 +0000] "POST /api/v1/users/login HTTP/1.1" 400 48 "-" "PostmanRuntime/7.26.8"
::1 - - [14/Feb/2021:23:34:28 +0000] "POST /api/v1/users/login HTTP/1.1" 400 34 "-" "PostmanRuntime/7.26.8"
::1 - - [14/Feb/2021:23:34:57 +0000] "POST /api/v1/users/login HTTP/1.1" 200 203 "-" "PostmanRuntime/7.26.8"
::1 - - [14/Feb/2021:23:53:52 +0000] "GET /api/v1/character/551 HTTP/1.1" 404 159 "-" "PostmanRuntime/7.26.8"
::1 - - [14/Feb/2021:23:55:18 +0000] "GET /api/v1/character/551 HTTP/1.1" 404 159 "-" "PostmanRuntime/7.26.8"
::1 - - [14/Feb/2021:23:57:44 +0000] "GET /api/v1/character/551 HTTP/1.1" 404 159 "-" "PostmanRuntime/7.26.8"
::1 - - [14/Feb/2021:23:58:49 +0000] "GET /api/v1/api/character HTTP/1.1" 404 159 "-" "PostmanRuntime/7.26.8"
::1 - - [14/Feb/2021:23:59:00 +0000] "GET /api/v1/api/character HTTP/1.1" 500 1823 "-" "PostmanRuntime/7.26.8"
::1 - - [15/Feb/2021:00:00:15 +0000] "GET /api/v1/api/character HTTP/1.1" - - "-" "PostmanRuntime/7.26.8"
::1 - - [15/Feb/2021:00:10:58 +0000] "GET /api/v1/api/characters HTTP/1.1" 200 6 "-" "PostmanRuntime/7.26.8"
::1 - - [15/Feb/2021:00:12:07 +0000] "GET /api/v1/api/characters?gender=female HTTP/1.1" 200 3628 "-" "PostmanRuntime/7.26.8"
::1 - - [15/Feb/2021:00:13:41 +0000] "GET /api/v1/api/characters?gender=female HTTP/1.1" 401 35 "-" "PostmanRuntime/7.26.8"
::1 - - [15/Feb/2021:00:13:47 +0000] "POST /api/v1/users/login HTTP/1.1" 200 203 "-" "PostmanRuntime/7.26.8"
::1 - - [15/Feb/2021:00:13:54 +0000] "GET /api/v1/api/characters?gender=female HTTP/1.1" 401 35 "-" "PostmanRuntime/7.26.8"
::1 - - [15/Feb/2021:00:13:55 +0000] "GET /api/v1/api/characters?gender=female HTTP/1.1" 401 35 "-" "PostmanRuntime/7.26.8"
::1 - - [15/Feb/2021:00:14:25 +0000] "GET /api/v1/api/characters?gender=female HTTP/1.1" 200 3628 "-" "PostmanRuntime/7.26.8"
::1 - - [15/Feb/2021:22:48:07 +0000] "GET /api/v1/apii HTTP/1.1" 404 1738 "-" "PostmanRuntime/7.26.8"
::1 - - [15/Feb/2021:22:55:38 +0000] "GET /api/v1/api HTTP/1.1" 404 1738 "-" "PostmanRuntime/7.26.8"
::1 - - [15/Feb/2021:22:55:51 +0000] "GET /api/v1/api/characters HTTP/1.1" 401 23 "-" "PostmanRuntime/7.26.8"
::1 - - [15/Feb/2021:22:56:37 +0000] "GET /api/v1/api/characters HTTP/1.1" 401 23 "-" "PostmanRuntime/7.26.8"
::1 - - [15/Feb/2021:22:56:56 +0000] "GET /api/v1/api/characters HTTP/1.1" 401 23 "-" "PostmanRuntime/7.26.8"
::1 - - [15/Feb/2021:22:57:00 +0000] "GET /api/v1/api/characters HTTP/1.1" 401 23 "-" "PostmanRuntime/7.26.8"
::1 - - [15/Feb/2021:22:57:34 +0000] "GET /api/v1/api/characters HTTP/1.1" 401 23 "-" "PostmanRuntime/7.26.8"
::1 - - [15/Feb/2021:22:57:47 +0000] "POST /api/v1/users/login HTTP/1.1" 200 203 "-" "PostmanRuntime/7.26.8"
::1 - - [15/Feb/2021:22:58:13 +0000] "GET /api/v1/api/characters HTTP/1.1" 200 3628 "-" "PostmanRuntime/7.26.8"
::1 - - [15/Feb/2021:23:07:50 +0000] "GET /api/v1/api/characters HTTP/1.1" 200 3628 "-" "PostmanRuntime/7.26.8"
::1 - - [15/Feb/2021:23:08:13 +0000] "POST /api/v1/users/login HTTP/1.1" 400 33 "-" "PostmanRuntime/7.26.8"
::1 - - [15/Feb/2021:23:08:20 +0000] "GET /api/v1/api/characters HTTP/1.1" 401 25 "-" "PostmanRuntime/7.26.8"
::1 - - [15/Feb/2021:23:08:23 +0000] "GET /api/v1/api/characters HTTP/1.1" 401 25 "-" "PostmanRuntime/7.26.8"
::1 - - [15/Feb/2021:23:10:09 +0000] "GET /api/v1/api/characters HTTP/1.1" 401 25 "-" "PostmanRuntime/7.26.8"
::1 - - [15/Feb/2021:23:10:34 +0000] "GET /api/v1/api/characters HTTP/1.1" 401 41 "-" "PostmanRuntime/7.26.8"
::1 - - [15/Feb/2021:23:10:39 +0000] "GET /api/v1/api/characters HTTP/1.1" 401 41 "-" "PostmanRuntime/7.26.8"
::1 - - [15/Feb/2021:23:11:10 +0000] "GET /api/v1/api/characters HTTP/1.1" 401 41 "-" "PostmanRuntime/7.26.8"
::1 - - [15/Feb/2021:23:13:58 +0000] "GET /api/v1/api/characters HTTP/1.1" 302 41 "-" "PostmanRuntime/7.26.8"
::1 - - [15/Feb/2021:23:13:58 +0000] "GET /api/v1/users/login HTTP/1.1" 404 1738 "http://localhost:3080/api/v1/api/characters" "PostmanRuntime/7.26.8"
::1 - - [15/Feb/2021:23:15:05 +0000] "GET /api/v1/api/characters HTTP/1.1" 401 35 "-" "PostmanRuntime/7.26.8"
::1 - - [15/Feb/2021:23:16:51 +0000] "GET /api/v1/api/characters HTTP/1.1" 401 41 "-" "PostmanRuntime/7.26.8"
::1 - - [15/Feb/2021:23:16:51 +0000] "GET /api/v1/users/login HTTP/1.1" 404 1738 "http://localhost:3080/api/v1/api/characters" "PostmanRuntime/7.26.8"
::1 - - [15/Feb/2021:23:18:00 +0000] "GET /api/v1/api/characters HTTP/1.1" 401 62 "-" "PostmanRuntime/7.26.8"
::1 - - [15/Feb/2021:23:18:00 +0000] "GET /api/v1/users/login HTTP/1.1" 404 1738 "http://localhost:3080/api/v1/api/characters" "PostmanRuntime/7.26.8"
::1 - - [15/Feb/2021:23:20:15 +0000] "GET /api/v1/api/characters HTTP/1.1" 401 35 "-" "PostmanRuntime/7.26.8"
::1 - - [15/Feb/2021:23:22:17 +0000] "GET /api/v1/api/characters HTTP/1.1" 302 62 "-" "PostmanRuntime/7.26.8"
::1 - - [15/Feb/2021:23:22:17 +0000] "GET /api/v1/users/login HTTP/1.1" 404 1738 "http://localhost:3080/api/v1/api/characters" "PostmanRuntime/7.26.8"
